TN:
SF:server.js
FN:13,(anonymous_0)
FN:14,(anonymous_1)
FN:16,(anonymous_2)
FN:17,(anonymous_3)
FN:20,(anonymous_4)
FN:23,(anonymous_5)
FNF:6
FNH:4
FNDA:0,(anonymous_0)
FNDA:1,(anonymous_1)
FNDA:1,(anonymous_2)
FNDA:1,(anonymous_3)
FNDA:1,(anonymous_4)
FNDA:0,(anonymous_5)
DA:1,1
DA:2,1
DA:3,1
DA:5,1
DA:6,1
DA:7,1
DA:8,1
DA:9,1
DA:10,1
DA:12,1
DA:13,1
DA:14,1
DA:16,1
DA:17,1
DA:18,1
DA:21,1
DA:24,0
DA:29,1
LF:18
LH:17
BRF:0
BRH:0
end_of_record
TN:
SF:controllers\posts.controller.js
FN:4,(anonymous_0)
FN:19,(anonymous_1)
FN:35,(anonymous_2)
FN:45,(anonymous_3)
FN:60,(anonymous_4)
FNF:5
FNH:5
FNDA:2,(anonymous_0)
FNDA:2,(anonymous_1)
FNDA:2,(anonymous_2)
FNDA:2,(anonymous_3)
FNDA:2,(anonymous_4)
DA:2,1
DA:4,1
DA:5,2
DA:6,2
DA:7,2
DA:8,1
DA:9,1
DA:11,1
DA:12,1
DA:15,0
DA:19,1
DA:20,2
DA:22,2
DA:23,2
DA:24,2
DA:26,1
DA:28,1
DA:31,0
DA:35,1
DA:36,2
DA:37,2
DA:38,2
DA:39,1
DA:41,1
DA:45,1
DA:46,2
DA:48,2
DA:49,2
DA:51,2
DA:52,1
DA:54,1
DA:56,0
DA:60,1
DA:61,2
DA:62,2
DA:64,2
DA:65,2
DA:69,2
DA:70,1
DA:72,1
DA:75,0
DA:79,1
LF:42
LH:38
BRDA:7,0,0,1
BRDA:7,0,1,1
BRDA:24,1,0,1
BRDA:24,1,1,1
BRDA:51,2,0,1
BRDA:51,2,1,1
BRDA:69,3,0,1
BRDA:69,3,1,1
BRF:8
BRH:8
end_of_record
TN:
SF:models\posts.model.js
FNF:0
FNH:0
DA:1,1
DA:3,1
DA:15,1
DA:17,1
LF:4
LH:4
BRF:0
BRH:0
end_of_record
TN:
SF:routes\posts.route.js
FNF:0
FNH:0
DA:1,1
DA:2,1
DA:3,1
DA:5,1
DA:7,1
DA:9,1
DA:11,1
DA:13,1
DA:15,1
LF:9
LH:9
BRF:0
BRH:0
end_of_record
