{"/Users/noa/Desktop/Projects/Degree/webApplications/firstAssignment/myApp/server/src/server.ts": {"path":"/Users/noa/Desktop/Projects/Degree/webApplications/firstAssignment/myApp/server/src/server.ts","statementMap":{"0":{"start":{"line":1,"column":0},"end":{"line":1,"column":43}},"1":{"start":{"line":2,"column":0},"end":{"line":2,"column":32}},"2":{"start":{"line":9,"column":0},"end":{"line":9,"column":24}},"3":{"start":{"line":10,"column":0},"end":{"line":10,"column":53}},"4":{"start":{"line":11,"column":0},"end":{"line":11,"column":50}},"5":{"start":{"line":12,"column":0},"end":{"line":12,"column":24}},"6":{"start":{"line":14,"column":0},"end":{"line":14,"column":28}},"7":{"start":{"line":15,"column":0},"end":{"line":15,"column":56}},"8":{"start":{"line":16,"column":0},"end":{"line":16,"column":46}},"9":{"start":{"line":17,"column":0},"end":{"line":17,"column":52}},"10":{"start":{"line":18,"column":0},"end":{"line":18,"column":46}},"11":{"start":{"line":19,"column":0},"end":{"line":19,"column":48}},"12":{"start":{"line":20,"column":0},"end":{"line":20,"column":46}},"13":{"start":{"line":22,"column":0},"end":{"line":22,"column":16}},"14":{"start":{"line":24,"column":43},"end":{"line":94,"column":2}},"15":{"start":{"line":25,"column":23},"end":{"line":25,"column":60}},"16":{"start":{"line":27,"column":27},"end":{"line":29,"column":34}},"17":{"start":{"line":31,"column":2},"end":{"line":93,"column":40}},"18":{"start":{"line":34,"column":6},"end":{"line":34,"column":42}},"19":{"start":{"line":35,"column":27},"end":{"line":35,"column":36}},"20":{"start":{"line":37,"column":21},"end":{"line":37,"column":27}},"21":{"start":{"line":39,"column":6},"end":{"line":39,"column":22}},"22":{"start":{"line":40,"column":6},"end":{"line":40,"column":30}},"23":{"start":{"line":41,"column":6},"end":{"line":41,"column":36}},"24":{"start":{"line":42,"column":6},"end":{"line":42,"column":42}},"25":{"start":{"line":43,"column":6},"end":{"line":43,"column":35}},"26":{"start":{"line":44,"column":6},"end":{"line":44,"column":37}},"27":{"start":{"line":45,"column":6},"end":{"line":45,"column":35}},"28":{"start":{"line":46,"column":6},"end":{"line":46,"column":31}},"29":{"start":{"line":48,"column":6},"end":{"line":51,"column":8}},"30":{"start":{"line":54,"column":6},"end":{"line":54,"column":64}},"31":{"start":{"line":57,"column":6},"end":{"line":59,"column":9}},"32":{"start":{"line":58,"column":8},"end":{"line":58,"column":69}},"33":{"start":{"line":61,"column":6},"end":{"line":63,"column":9}},"34":{"start":{"line":62,"column":8},"end":{"line":62,"column":35}},"35":{"start":{"line":65,"column":6},"end":{"line":91,"column":7}},"36":{"start":{"line":66,"column":8},"end":{"line":66,"column":39}},"37":{"start":{"line":68,"column":44},"end":{"line":68,"column":62}},"38":{"start":{"line":70,"column":36},"end":{"line":75,"column":null}},"39":{"start":{"line":78,"column":8},"end":{"line":82,"column":11}},"40":{"start":{"line":84,"column":8},"end":{"line":84,"column":40}},"41":{"start":{"line":85,"column":35},"end":{"line":85,"column":57}},"42":{"start":{"line":86,"column":8},"end":{"line":90,"column":11}},"43":{"start":{"line":93,"column":20},"end":{"line":93,"column":38}},"44":{"start":{"line":96,"column":0},"end":{"line":96,"column":29}}},"fnMap":{"0":{"name":"(anonymous_1)","decl":{"start":{"line":24,"column":55},"end":{"line":24,"column":56}},"loc":{"start":{"line":24,"column":75},"end":{"line":94,"column":1}}},"1":{"name":"(anonymous_2)","decl":{"start":{"line":33,"column":10},"end":{"line":33,"column":13}},"loc":{"start":{"line":33,"column":15},"end":{"line":92,"column":5}}},"2":{"name":"(anonymous_3)","decl":{"start":{"line":57,"column":19},"end":{"line":57,"column":20}},"loc":{"start":{"line":57,"column":32},"end":{"line":59,"column":7}}},"3":{"name":"(anonymous_4)","decl":{"start":{"line":61,"column":27},"end":{"line":61,"column":28}},"loc":{"start":{"line":61,"column":40},"end":{"line":63,"column":7}}},"4":{"name":"(anonymous_5)","decl":{"start":{"line":93,"column":11},"end":{"line":93,"column":12}},"loc":{"start":{"line":93,"column":20},"end":{"line":93,"column":38}}}},"branchMap":{"0":{"loc":{"start":{"line":27,"column":27},"end":{"line":29,"column":34}},"type":"cond-expr","locations":[{"start":{"line":28,"column":6},"end":{"line":28,"column":38}},{"start":{"line":29,"column":6},"end":{"line":29,"column":34}}]},"1":{"loc":{"start":{"line":28,"column":6},"end":{"line":28,"column":38}},"type":"binary-expr","locations":[{"start":{"line":28,"column":6},"end":{"line":28,"column":32}},{"start":{"line":28,"column":36},"end":{"line":28,"column":38}}]},"2":{"loc":{"start":{"line":29,"column":6},"end":{"line":29,"column":34}},"type":"binary-expr","locations":[{"start":{"line":29,"column":6},"end":{"line":29,"column":28}},{"start":{"line":29,"column":32},"end":{"line":29,"column":34}}]},"3":{"loc":{"start":{"line":65,"column":6},"end":{"line":91,"column":7}},"type":"if","locations":[{"start":{"line":65,"column":6},"end":{"line":91,"column":7}},{"start":{"line":83,"column":13},"end":{"line":91,"column":7}}]}},"s":{"0":2,"1":2,"2":2,"3":2,"4":2,"5":2,"6":2,"7":2,"8":2,"9":2,"10":2,"11":2,"12":2,"13":2,"14":2,"15":2,"16":2,"17":2,"18":2,"19":2,"20":2,"21":2,"22":2,"23":2,"24":2,"25":2,"26":2,"27":2,"28":2,"29":2,"30":2,"31":2,"32":0,"33":2,"34":0,"35":2,"36":0,"37":0,"38":0,"39":0,"40":2,"41":2,"42":2,"43":0,"44":2},"f":{"0":2,"1":2,"2":0,"3":0,"4":0},"b":{"0":[0,2],"1":[0,0],"2":[2,0],"3":[0,2]}}
,"/Users/noa/Desktop/Projects/Degree/webApplications/firstAssignment/myApp/server/src/controllers/auth.controller.ts": {"path":"/Users/noa/Desktop/Projects/Degree/webApplications/firstAssignment/myApp/server/src/controllers/auth.controller.ts","statementMap":{"0":{"start":{"line":2,"column":0},"end":{"line":2,"column":57}},"1":{"start":{"line":3,"column":0},"end":{"line":3,"column":28}},"2":{"start":{"line":4,"column":0},"end":{"line":4,"column":31}},"3":{"start":{"line":6,"column":0},"end":{"line":6,"column":51}},"4":{"start":{"line":8,"column":15},"end":{"line":8,"column":33}},"5":{"start":{"line":9,"column":21},"end":{"line":42,"column":1}},"6":{"start":{"line":10,"column":2},"end":{"line":41,"column":3}},"7":{"start":{"line":11,"column":19},"end":{"line":14,"column":6}},"8":{"start":{"line":15,"column":20},"end":{"line":15,"column":39}},"9":{"start":{"line":16,"column":18},"end":{"line":16,"column":32}},"10":{"start":{"line":17,"column":4},"end":{"line":38,"column":5}},"11":{"start":{"line":18,"column":17},"end":{"line":18,"column":58}},"12":{"start":{"line":19,"column":6},"end":{"line":26,"column":7}},"13":{"start":{"line":20,"column":8},"end":{"line":25,"column":11}},"14":{"start":{"line":27,"column":21},"end":{"line":27,"column":44}},"15":{"start":{"line":28,"column":6},"end":{"line":30,"column":7}},"16":{"start":{"line":29,"column":8},"end":{"line":29,"column":52}},"17":{"start":{"line":31,"column":6},"end":{"line":37,"column":9}},"18":{"start":{"line":40,"column":4},"end":{"line":40,"column":30}},"19":{"start":{"line":44,"column":17},"end":{"line":78,"column":1}},"20":{"start":{"line":45,"column":2},"end":{"line":77,"column":3}},"21":{"start":{"line":46,"column":24},"end":{"line":46,"column":74}},"22":{"start":{"line":47,"column":4},"end":{"line":49,"column":5}},"23":{"start":{"line":48,"column":6},"end":{"line":48,"column":57}},"24":{"start":{"line":51,"column":21},"end":{"line":51,"column":38}},"25":{"start":{"line":52,"column":17},"end":{"line":52,"column":41}},"26":{"start":{"line":53,"column":27},"end":{"line":53,"column":60}},"27":{"start":{"line":54,"column":17},"end":{"line":59,"column":6}},"28":{"start":{"line":60,"column":19},"end":{"line":60,"column":42}},"29":{"start":{"line":61,"column":4},"end":{"line":63,"column":5}},"30":{"start":{"line":62,"column":6},"end":{"line":62,"column":50}},"31":{"start":{"line":65,"column":4},"end":{"line":65,"column":46}},"32":{"start":{"line":66,"column":4},"end":{"line":66,"column":22}},"33":{"start":{"line":68,"column":4},"end":{"line":74,"column":7}},"34":{"start":{"line":76,"column":4},"end":{"line":76,"column":32}},"35":{"start":{"line":85,"column":22},"end":{"line":113,"column":1}},"36":{"start":{"line":86,"column":2},"end":{"line":88,"column":3}},"37":{"start":{"line":87,"column":4},"end":{"line":87,"column":16}},"38":{"start":{"line":90,"column":17},"end":{"line":90,"column":41}},"39":{"start":{"line":92,"column":22},"end":{"line":98,"column":null}},"40":{"start":{"line":100,"column":23},"end":{"line":106,"column":null}},"41":{"start":{"line":109,"column":2},"end":{"line":112,"column":4}},"42":{"start":{"line":115,"column":14},"end":{"line":157,"column":1}},"43":{"start":{"line":116,"column":2},"end":{"line":156,"column":3}},"44":{"start":{"line":117,"column":17},"end":{"line":117,"column":67}},"45":{"start":{"line":118,"column":4},"end":{"line":121,"column":5}},"46":{"start":{"line":119,"column":6},"end":{"line":119,"column":57}},"47":{"start":{"line":120,"column":6},"end":{"line":120,"column":13}},"48":{"start":{"line":123,"column":26},"end":{"line":125,"column":null}},"49":{"start":{"line":127,"column":4},"end":{"line":130,"column":5}},"50":{"start":{"line":128,"column":6},"end":{"line":128,"column":57}},"51":{"start":{"line":129,"column":6},"end":{"line":129,"column":13}},"52":{"start":{"line":131,"column":4},"end":{"line":134,"column":5}},"53":{"start":{"line":132,"column":6},"end":{"line":132,"column":43}},"54":{"start":{"line":133,"column":6},"end":{"line":133,"column":13}},"55":{"start":{"line":136,"column":19},"end":{"line":136,"column":42}},"56":{"start":{"line":137,"column":4},"end":{"line":140,"column":5}},"57":{"start":{"line":138,"column":6},"end":{"line":138,"column":43}},"58":{"start":{"line":139,"column":6},"end":{"line":139,"column":13}},"59":{"start":{"line":141,"column":4},"end":{"line":143,"column":5}},"60":{"start":{"line":142,"column":6},"end":{"line":142,"column":29}},"61":{"start":{"line":144,"column":4},"end":{"line":144,"column":48}},"62":{"start":{"line":145,"column":4},"end":{"line":145,"column":22}},"63":{"start":{"line":146,"column":4},"end":{"line":153,"column":7}},"64":{"start":{"line":155,"column":4},"end":{"line":155,"column":30}},"65":{"start":{"line":167,"column":27},"end":{"line":213,"column":1}},"66":{"start":{"line":168,"column":2},"end":{"line":212,"column":5}},"67":{"start":{"line":169,"column":4},"end":{"line":172,"column":5}},"68":{"start":{"line":170,"column":6},"end":{"line":170,"column":21}},"69":{"start":{"line":171,"column":6},"end":{"line":171,"column":13}},"70":{"start":{"line":174,"column":4},"end":{"line":177,"column":5}},"71":{"start":{"line":175,"column":6},"end":{"line":175,"column":21}},"72":{"start":{"line":176,"column":6},"end":{"line":176,"column":13}},"73":{"start":{"line":178,"column":4},"end":{"line":211,"column":6}},"74":{"start":{"line":182,"column":8},"end":{"line":185,"column":9}},"75":{"start":{"line":183,"column":10},"end":{"line":183,"column":25}},"76":{"start":{"line":184,"column":10},"end":{"line":184,"column":17}},"77":{"start":{"line":187,"column":23},"end":{"line":187,"column":34}},"78":{"start":{"line":188,"column":8},"end":{"line":209,"column":9}},"79":{"start":{"line":189,"column":23},"end":{"line":189,"column":55}},"80":{"start":{"line":190,"column":10},"end":{"line":193,"column":11}},"81":{"start":{"line":191,"column":12},"end":{"line":191,"column":27}},"82":{"start":{"line":192,"column":12},"end":{"line":192,"column":19}},"83":{"start":{"line":194,"column":10},"end":{"line":199,"column":11}},"84":{"start":{"line":195,"column":12},"end":{"line":195,"column":35}},"85":{"start":{"line":196,"column":12},"end":{"line":196,"column":30}},"86":{"start":{"line":197,"column":12},"end":{"line":197,"column":27}},"87":{"start":{"line":198,"column":12},"end":{"line":198,"column":19}},"88":{"start":{"line":200,"column":25},"end":{"line":201,"column":null}},"89":{"start":{"line":201,"column":23},"end":{"line":201,"column":45}},"90":{"start":{"line":203,"column":10},"end":{"line":203,"column":37}},"91":{"start":{"line":205,"column":10},"end":{"line":205,"column":24}},"92":{"start":{"line":207,"column":10},"end":{"line":207,"column":25}},"93":{"start":{"line":208,"column":10},"end":{"line":208,"column":17}},"94":{"start":{"line":215,"column":15},"end":{"line":250,"column":1}},"95":{"start":{"line":216,"column":21},"end":{"line":216,"column":49}},"96":{"start":{"line":217,"column":16},"end":{"line":217,"column":54}},"97":{"start":{"line":218,"column":2},"end":{"line":220,"column":3}},"98":{"start":{"line":219,"column":4},"end":{"line":219,"column":61}},"99":{"start":{"line":222,"column":2},"end":{"line":249,"column":3}},"100":{"start":{"line":223,"column":4},"end":{"line":245,"column":6}},"101":{"start":{"line":227,"column":8},"end":{"line":229,"column":9}},"102":{"start":{"line":228,"column":10},"end":{"line":228,"column":64}},"103":{"start":{"line":231,"column":23},"end":{"line":231,"column":36}},"104":{"start":{"line":232,"column":8},"end":{"line":234,"column":9}},"105":{"start":{"line":233,"column":10},"end":{"line":233,"column":69}},"106":{"start":{"line":236,"column":21},"end":{"line":236,"column":53}},"107":{"start":{"line":237,"column":8},"end":{"line":239,"column":9}},"108":{"start":{"line":238,"column":10},"end":{"line":238,"column":69}},"109":{"start":{"line":241,"column":8},"end":{"line":241,"column":31}},"110":{"start":{"line":242,"column":8},"end":{"line":242,"column":26}},"111":{"start":{"line":243,"column":8},"end":{"line":243,"column":68}},"112":{"start":{"line":247,"column":4},"end":{"line":247,"column":25}},"113":{"start":{"line":248,"column":4},"end":{"line":248,"column":64}},"114":{"start":{"line":252,"column":16},"end":{"line":279,"column":1}},"115":{"start":{"line":253,"column":2},"end":{"line":278,"column":3}},"116":{"start":{"line":254,"column":17},"end":{"line":254,"column":64}},"117":{"start":{"line":255,"column":4},"end":{"line":258,"column":5}},"118":{"start":{"line":256,"column":6},"end":{"line":256,"column":35}},"119":{"start":{"line":257,"column":6},"end":{"line":257,"column":13}},"120":{"start":{"line":260,"column":19},"end":{"line":260,"column":42}},"121":{"start":{"line":261,"column":4},"end":{"line":264,"column":5}},"122":{"start":{"line":262,"column":6},"end":{"line":262,"column":43}},"123":{"start":{"line":263,"column":6},"end":{"line":263,"column":13}},"124":{"start":{"line":265,"column":4},"end":{"line":267,"column":5}},"125":{"start":{"line":266,"column":6},"end":{"line":266,"column":29}},"126":{"start":{"line":268,"column":4},"end":{"line":268,"column":48}},"127":{"start":{"line":270,"column":4},"end":{"line":270,"column":22}},"128":{"start":{"line":271,"column":4},"end":{"line":275,"column":7}},"129":{"start":{"line":277,"column":4},"end":{"line":277,"column":33}},"130":{"start":{"line":285,"column":30},"end":{"line":310,"column":1}},"131":{"start":{"line":290,"column":24},"end":{"line":290,"column":51}},"132":{"start":{"line":291,"column":16},"end":{"line":291,"column":60}},"133":{"start":{"line":293,"column":2},"end":{"line":296,"column":3}},"134":{"start":{"line":294,"column":4},"end":{"line":294,"column":42}},"135":{"start":{"line":295,"column":4},"end":{"line":295,"column":11}},"136":{"start":{"line":297,"column":2},"end":{"line":300,"column":3}},"137":{"start":{"line":298,"column":4},"end":{"line":298,"column":41}},"138":{"start":{"line":299,"column":4},"end":{"line":299,"column":11}},"139":{"start":{"line":302,"column":2},"end":{"line":309,"column":5}},"140":{"start":{"line":303,"column":4},"end":{"line":306,"column":5}},"141":{"start":{"line":304,"column":6},"end":{"line":304,"column":44}},"142":{"start":{"line":305,"column":6},"end":{"line":305,"column":13}},"143":{"start":{"line":307,"column":4},"end":{"line":307,"column":49}},"144":{"start":{"line":308,"column":4},"end":{"line":308,"column":11}},"145":{"start":{"line":285,"column":13},"end":{"line":285,"column":30}},"146":{"start":{"line":312,"column":26},"end":{"line":326,"column":1}},"147":{"start":{"line":313,"column":13},"end":{"line":313,"column":26}},"148":{"start":{"line":314,"column":22},"end":{"line":314,"column":39}},"149":{"start":{"line":315,"column":20},"end":{"line":315,"column":35}},"150":{"start":{"line":317,"column":2},"end":{"line":325,"column":3}},"151":{"start":{"line":318,"column":15},"end":{"line":321,"column":6}},"152":{"start":{"line":322,"column":4},"end":{"line":322,"column":36}},"153":{"start":{"line":324,"column":4},"end":{"line":324,"column":32}},"154":{"start":{"line":312,"column":13},"end":{"line":312,"column":26}},"155":{"start":{"line":328,"column":0},"end":{"line":328,"column":78}}},"fnMap":{"0":{"name":"(anonymous_1)","decl":{"start":{"line":9,"column":21},"end":{"line":9,"column":26}},"loc":{"start":{"line":9,"column":59},"end":{"line":42,"column":1}}},"1":{"name":"(anonymous_2)","decl":{"start":{"line":44,"column":17},"end":{"line":44,"column":22}},"loc":{"start":{"line":44,"column":55},"end":{"line":78,"column":1}}},"2":{"name":"(anonymous_3)","decl":{"start":{"line":85,"column":22},"end":{"line":85,"column":23}},"loc":{"start":{"line":85,"column":65},"end":{"line":113,"column":1}}},"3":{"name":"(anonymous_4)","decl":{"start":{"line":115,"column":14},"end":{"line":115,"column":19}},"loc":{"start":{"line":115,"column":52},"end":{"line":157,"column":1}}},"4":{"name":"(anonymous_5)","decl":{"start":{"line":167,"column":27},"end":{"line":167,"column":28}},"loc":{"start":{"line":167,"column":64},"end":{"line":213,"column":1}}},"5":{"name":"(anonymous_6)","decl":{"start":{"line":168,"column":28},"end":{"line":168,"column":29}},"loc":{"start":{"line":168,"column":48},"end":{"line":212,"column":3}}},"6":{"name":"(anonymous_7)","decl":{"start":{"line":181,"column":6},"end":{"line":181,"column":11}},"loc":{"start":{"line":181,"column":39},"end":{"line":210,"column":7}}},"7":{"name":"(anonymous_8)","decl":{"start":{"line":201,"column":12},"end":{"line":201,"column":13}},"loc":{"start":{"line":201,"column":23},"end":{"line":201,"column":45}}},"8":{"name":"(anonymous_9)","decl":{"start":{"line":215,"column":15},"end":{"line":215,"column":20}},"loc":{"start":{"line":215,"column":53},"end":{"line":250,"column":1}}},"9":{"name":"(anonymous_10)","decl":{"start":{"line":226,"column":6},"end":{"line":226,"column":11}},"loc":{"start":{"line":226,"column":60},"end":{"line":244,"column":7}}},"10":{"name":"(anonymous_11)","decl":{"start":{"line":252,"column":16},"end":{"line":252,"column":21}},"loc":{"start":{"line":252,"column":54},"end":{"line":279,"column":1}}},"11":{"name":"(anonymous_12)","decl":{"start":{"line":285,"column":30},"end":{"line":285,"column":null}},"loc":{"start":{"line":289,"column":4},"end":{"line":310,"column":1}}},"12":{"name":"(anonymous_13)","decl":{"start":{"line":302,"column":46},"end":{"line":302,"column":47}},"loc":{"start":{"line":302,"column":63},"end":{"line":309,"column":3}}},"13":{"name":"(anonymous_14)","decl":{"start":{"line":312,"column":26},"end":{"line":312,"column":31}},"loc":{"start":{"line":312,"column":64},"end":{"line":326,"column":1}}}},"branchMap":{"0":{"loc":{"start":{"line":17,"column":4},"end":{"line":38,"column":5}},"type":"if","locations":[{"start":{"line":17,"column":4},"end":{"line":38,"column":5}}]},"1":{"loc":{"start":{"line":19,"column":6},"end":{"line":26,"column":7}},"type":"if","locations":[{"start":{"line":19,"column":6},"end":{"line":26,"column":7}}]},"2":{"loc":{"start":{"line":28,"column":6},"end":{"line":30,"column":7}},"type":"if","locations":[{"start":{"line":28,"column":6},"end":{"line":30,"column":7}}]},"3":{"loc":{"start":{"line":47,"column":4},"end":{"line":49,"column":5}},"type":"if","locations":[{"start":{"line":47,"column":4},"end":{"line":49,"column":5}}]},"4":{"loc":{"start":{"line":61,"column":4},"end":{"line":63,"column":5}},"type":"if","locations":[{"start":{"line":61,"column":4},"end":{"line":63,"column":5}}]},"5":{"loc":{"start":{"line":86,"column":2},"end":{"line":88,"column":3}},"type":"if","locations":[{"start":{"line":86,"column":2},"end":{"line":88,"column":3}}]},"6":{"loc":{"start":{"line":118,"column":4},"end":{"line":121,"column":5}},"type":"if","locations":[{"start":{"line":118,"column":4},"end":{"line":121,"column":5}}]},"7":{"loc":{"start":{"line":127,"column":4},"end":{"line":130,"column":5}},"type":"if","locations":[{"start":{"line":127,"column":4},"end":{"line":130,"column":5}}]},"8":{"loc":{"start":{"line":131,"column":4},"end":{"line":134,"column":5}},"type":"if","locations":[{"start":{"line":131,"column":4},"end":{"line":134,"column":5}}]},"9":{"loc":{"start":{"line":137,"column":4},"end":{"line":140,"column":5}},"type":"if","locations":[{"start":{"line":137,"column":4},"end":{"line":140,"column":5}}]},"10":{"loc":{"start":{"line":141,"column":4},"end":{"line":143,"column":5}},"type":"if","locations":[{"start":{"line":141,"column":4},"end":{"line":143,"column":5}}]},"11":{"loc":{"start":{"line":169,"column":4},"end":{"line":172,"column":5}},"type":"if","locations":[{"start":{"line":169,"column":4},"end":{"line":172,"column":5}}]},"12":{"loc":{"start":{"line":174,"column":4},"end":{"line":177,"column":5}},"type":"if","locations":[{"start":{"line":174,"column":4},"end":{"line":177,"column":5}}]},"13":{"loc":{"start":{"line":182,"column":8},"end":{"line":185,"column":9}},"type":"if","locations":[{"start":{"line":182,"column":8},"end":{"line":185,"column":9}}]},"14":{"loc":{"start":{"line":190,"column":10},"end":{"line":193,"column":11}},"type":"if","locations":[{"start":{"line":190,"column":10},"end":{"line":193,"column":11}}]},"15":{"loc":{"start":{"line":194,"column":10},"end":{"line":199,"column":11}},"type":"if","locations":[{"start":{"line":194,"column":10},"end":{"line":199,"column":11}}]},"16":{"loc":{"start":{"line":194,"column":14},"end":{"line":194,"column":77}},"type":"binary-expr","locations":[{"start":{"line":194,"column":14},"end":{"line":194,"column":32}},{"start":{"line":194,"column":36},"end":{"line":194,"column":77}}]},"17":{"loc":{"start":{"line":217,"column":16},"end":{"line":217,"column":54}},"type":"binary-expr","locations":[{"start":{"line":217,"column":16},"end":{"line":217,"column":26}},{"start":{"line":217,"column":30},"end":{"line":217,"column":54}}]},"18":{"loc":{"start":{"line":218,"column":2},"end":{"line":220,"column":3}},"type":"if","locations":[{"start":{"line":218,"column":2},"end":{"line":220,"column":3}}]},"19":{"loc":{"start":{"line":227,"column":8},"end":{"line":229,"column":9}},"type":"if","locations":[{"start":{"line":227,"column":8},"end":{"line":229,"column":9}}]},"20":{"loc":{"start":{"line":232,"column":8},"end":{"line":234,"column":9}},"type":"if","locations":[{"start":{"line":232,"column":8},"end":{"line":234,"column":9}}]},"21":{"loc":{"start":{"line":237,"column":8},"end":{"line":239,"column":9}},"type":"if","locations":[{"start":{"line":237,"column":8},"end":{"line":239,"column":9}}]},"22":{"loc":{"start":{"line":255,"column":4},"end":{"line":258,"column":5}},"type":"if","locations":[{"start":{"line":255,"column":4},"end":{"line":258,"column":5}}]},"23":{"loc":{"start":{"line":261,"column":4},"end":{"line":264,"column":5}},"type":"if","locations":[{"start":{"line":261,"column":4},"end":{"line":264,"column":5}}]},"24":{"loc":{"start":{"line":265,"column":4},"end":{"line":267,"column":5}},"type":"if","locations":[{"start":{"line":265,"column":4},"end":{"line":267,"column":5}}]},"25":{"loc":{"start":{"line":291,"column":16},"end":{"line":291,"column":60}},"type":"binary-expr","locations":[{"start":{"line":291,"column":16},"end":{"line":291,"column":29}},{"start":{"line":291,"column":33},"end":{"line":291,"column":60}}]},"26":{"loc":{"start":{"line":293,"column":2},"end":{"line":296,"column":3}},"type":"if","locations":[{"start":{"line":293,"column":2},"end":{"line":296,"column":3}}]},"27":{"loc":{"start":{"line":297,"column":2},"end":{"line":300,"column":3}},"type":"if","locations":[{"start":{"line":297,"column":2},"end":{"line":300,"column":3}}]},"28":{"loc":{"start":{"line":303,"column":4},"end":{"line":306,"column":5}},"type":"if","locations":[{"start":{"line":303,"column":4},"end":{"line":306,"column":5}}]}},"s":{"0":2,"1":2,"2":2,"3":2,"4":2,"5":2,"6":0,"7":0,"8":0,"9":0,"10":0,"11":0,"12":0,"13":0,"14":0,"15":0,"16":0,"17":0,"18":0,"19":2,"20":3,"21":3,"22":3,"23":0,"24":3,"25":3,"26":3,"27":2,"28":1,"29":1,"30":0,"31":1,"32":1,"33":1,"34":2,"35":2,"36":10,"37":0,"38":10,"39":10,"40":10,"41":10,"42":2,"43":8,"44":8,"45":8,"46":1,"47":1,"48":7,"49":7,"50":1,"51":1,"52":6,"53":0,"54":0,"55":6,"56":6,"57":0,"58":0,"59":6,"60":0,"61":6,"62":6,"63":6,"64":0,"65":2,"66":6,"67":6,"68":0,"69":0,"70":6,"71":0,"72":0,"73":6,"74":6,"75":0,"76":0,"77":6,"78":6,"79":6,"80":6,"81":0,"82":0,"83":6,"84":3,"85":3,"86":3,"87":3,"88":3,"89":9,"90":3,"91":3,"92":0,"93":0,"94":2,"95":1,"96":1,"97":1,"98":0,"99":1,"100":1,"101":1,"102":0,"103":1,"104":1,"105":0,"106":1,"107":1,"108":0,"109":1,"110":1,"111":1,"112":0,"113":0,"114":2,"115":6,"116":6,"117":3,"118":0,"119":0,"120":3,"121":3,"122":0,"123":0,"124":3,"125":0,"126":3,"127":3,"128":3,"129":3,"130":2,"131":7,"132":7,"133":7,"134":2,"135":2,"136":5,"137":0,"138":0,"139":5,"140":5,"141":1,"142":1,"143":4,"144":4,"145":2,"146":2,"147":1,"148":1,"149":1,"150":1,"151":1,"152":1,"153":0,"154":2,"155":2},"f":{"0":0,"1":3,"2":10,"3":8,"4":6,"5":6,"6":6,"7":9,"8":1,"9":1,"10":6,"11":7,"12":5,"13":1},"b":{"0":[0],"1":[0],"2":[0],"3":[0],"4":[0],"5":[0],"6":[1],"7":[1],"8":[0],"9":[0],"10":[0],"11":[0],"12":[0],"13":[0],"14":[0],"15":[3],"16":[6,6],"17":[1,1],"18":[0],"19":[0],"20":[0],"21":[0],"22":[0],"23":[0],"24":[0],"25":[7,5],"26":[2],"27":[0],"28":[1]}}
,"/Users/noa/Desktop/Projects/Degree/webApplications/firstAssignment/myApp/server/src/controllers/base.controller.ts": {"path":"/Users/noa/Desktop/Projects/Degree/webApplications/firstAssignment/myApp/server/src/controllers/base.controller.ts","statementMap":{"0":{"start":{"line":7,"column":4},"end":{"line":7,"column":23}},"1":{"start":{"line":11,"column":19},"end":{"line":11,"column":34}},"2":{"start":{"line":12,"column":4},"end":{"line":22,"column":5}},"3":{"start":{"line":13,"column":6},"end":{"line":19,"column":7}},"4":{"start":{"line":14,"column":21},"end":{"line":14,"column":61}},"5":{"start":{"line":15,"column":8},"end":{"line":15,"column":23}},"6":{"start":{"line":17,"column":22},"end":{"line":17,"column":45}},"7":{"start":{"line":18,"column":8},"end":{"line":18,"column":24}},"8":{"start":{"line":21,"column":6},"end":{"line":21,"column":34}},"9":{"start":{"line":26,"column":15},"end":{"line":26,"column":28}},"10":{"start":{"line":28,"column":4},"end":{"line":37,"column":5}},"11":{"start":{"line":29,"column":19},"end":{"line":29,"column":48}},"12":{"start":{"line":30,"column":6},"end":{"line":34,"column":7}},"13":{"start":{"line":31,"column":8},"end":{"line":31,"column":23}},"14":{"start":{"line":33,"column":8},"end":{"line":33,"column":42}},"15":{"start":{"line":36,"column":6},"end":{"line":36,"column":34}},"16":{"start":{"line":41,"column":17},"end":{"line":41,"column":25}},"17":{"start":{"line":42,"column":4},"end":{"line":47,"column":5}},"18":{"start":{"line":43,"column":19},"end":{"line":43,"column":48}},"19":{"start":{"line":44,"column":6},"end":{"line":44,"column":33}},"20":{"start":{"line":46,"column":6},"end":{"line":46,"column":34}},"21":{"start":{"line":51,"column":15},"end":{"line":51,"column":28}},"22":{"start":{"line":52,"column":4},"end":{"line":57,"column":5}},"23":{"start":{"line":53,"column":17},"end":{"line":53,"column":55}},"24":{"start":{"line":54,"column":6},"end":{"line":54,"column":38}},"25":{"start":{"line":56,"column":6},"end":{"line":56,"column":34}},"26":{"start":{"line":61,"column":0},"end":{"line":61,"column":30}}},"fnMap":{"0":{"name":"(anonymous_0)","decl":{"start":{"line":6,"column":2},"end":{"line":6,"column":14}},"loc":{"start":{"line":6,"column":24},"end":{"line":8,"column":3}}},"1":{"name":"(anonymous_1)","decl":{"start":{"line":10,"column":2},"end":{"line":10,"column":7}},"loc":{"start":{"line":10,"column":42},"end":{"line":23,"column":3}}},"2":{"name":"(anonymous_2)","decl":{"start":{"line":25,"column":2},"end":{"line":25,"column":7}},"loc":{"start":{"line":25,"column":43},"end":{"line":38,"column":3}}},"3":{"name":"(anonymous_3)","decl":{"start":{"line":40,"column":2},"end":{"line":40,"column":7}},"loc":{"start":{"line":40,"column":42},"end":{"line":48,"column":3}}},"4":{"name":"(anonymous_4)","decl":{"start":{"line":50,"column":2},"end":{"line":50,"column":7}},"loc":{"start":{"line":50,"column":46},"end":{"line":58,"column":3}}}},"branchMap":{"0":{"loc":{"start":{"line":13,"column":6},"end":{"line":19,"column":7}},"type":"if","locations":[{"start":{"line":13,"column":6},"end":{"line":19,"column":7}},{"start":{"line":16,"column":13},"end":{"line":19,"column":7}}]},"1":{"loc":{"start":{"line":30,"column":6},"end":{"line":34,"column":7}},"type":"if","locations":[{"start":{"line":30,"column":6},"end":{"line":34,"column":7}},{"start":{"line":32,"column":13},"end":{"line":34,"column":7}}]}},"s":{"0":4,"1":3,"2":3,"3":3,"4":1,"5":0,"6":2,"7":2,"8":1,"9":0,"10":0,"11":0,"12":0,"13":0,"14":0,"15":0,"16":4,"17":4,"18":4,"19":1,"20":3,"21":0,"22":0,"23":0,"24":0,"25":0,"26":2},"f":{"0":4,"1":3,"2":0,"3":4,"4":0},"b":{"0":[1,2],"1":[0,0]}}
,"/Users/noa/Desktop/Projects/Degree/webApplications/firstAssignment/myApp/server/src/controllers/comments.controller.ts": {"path":"/Users/noa/Desktop/Projects/Degree/webApplications/firstAssignment/myApp/server/src/controllers/comments.controller.ts","statementMap":{"0":{"start":{"line":1,"column":0},"end":{"line":1,"column":68}},"1":{"start":{"line":3,"column":0},"end":{"line":3,"column":47}},"2":{"start":{"line":7,"column":4},"end":{"line":7,"column":25}},"3":{"start":{"line":11,"column":20},"end":{"line":13,"column":6}},"4":{"start":{"line":14,"column":4},"end":{"line":14,"column":23}},"5":{"start":{"line":15,"column":4},"end":{"line":15,"column":27}},"6":{"start":{"line":19,"column":23},"end":{"line":19,"column":36}},"7":{"start":{"line":21,"column":4},"end":{"line":32,"column":5}},"8":{"start":{"line":22,"column":19},"end":{"line":24,"column":45}},"9":{"start":{"line":25,"column":6},"end":{"line":29,"column":7}},"10":{"start":{"line":26,"column":8},"end":{"line":26,"column":23}},"11":{"start":{"line":28,"column":8},"end":{"line":28,"column":42}},"12":{"start":{"line":31,"column":6},"end":{"line":31,"column":34}},"13":{"start":{"line":35,"column":0},"end":{"line":35,"column":40}}},"fnMap":{"0":{"name":"(anonymous_1)","decl":{"start":{"line":6,"column":2},"end":{"line":6,"column":null}},"loc":{"start":{"line":6,"column":2},"end":{"line":8,"column":3}}},"1":{"name":"(anonymous_2)","decl":{"start":{"line":10,"column":2},"end":{"line":10,"column":7}},"loc":{"start":{"line":10,"column":42},"end":{"line":16,"column":3}}},"2":{"name":"(anonymous_3)","decl":{"start":{"line":18,"column":2},"end":{"line":18,"column":7}},"loc":{"start":{"line":18,"column":47},"end":{"line":33,"column":3}}}},"branchMap":{"0":{"loc":{"start":{"line":25,"column":6},"end":{"line":29,"column":7}},"type":"if","locations":[{"start":{"line":25,"column":6},"end":{"line":29,"column":7}},{"start":{"line":27,"column":13},"end":{"line":29,"column":7}}]}},"s":{"0":2,"1":2,"2":2,"3":1,"4":1,"5":1,"6":0,"7":0,"8":0,"9":0,"10":0,"11":0,"12":0,"13":2},"f":{"0":2,"1":1,"2":0},"b":{"0":[0,0]}}
,"/Users/noa/Desktop/Projects/Degree/webApplications/firstAssignment/myApp/server/src/controllers/posts.controller.ts": {"path":"/Users/noa/Desktop/Projects/Degree/webApplications/firstAssignment/myApp/server/src/controllers/posts.controller.ts","statementMap":{"0":{"start":{"line":1,"column":0},"end":{"line":1,"column":57}},"1":{"start":{"line":3,"column":0},"end":{"line":3,"column":47}},"2":{"start":{"line":8,"column":4},"end":{"line":8,"column":21}},"3":{"start":{"line":12,"column":19},"end":{"line":12,"column":36}},"4":{"start":{"line":13,"column":17},"end":{"line":16,"column":6}},"5":{"start":{"line":17,"column":4},"end":{"line":17,"column":20}},"6":{"start":{"line":18,"column":4},"end":{"line":18,"column":27}},"7":{"start":{"line":22,"column":19},"end":{"line":22,"column":34}},"8":{"start":{"line":23,"column":17},"end":{"line":23,"column":56}},"9":{"start":{"line":24,"column":18},"end":{"line":24,"column":20}},"10":{"start":{"line":25,"column":4},"end":{"line":62,"column":5}},"11":{"start":{"line":26,"column":25},"end":{"line":26,"column":57}},"12":{"start":{"line":27,"column":25},"end":{"line":27,"column":54}},"13":{"start":{"line":28,"column":20},"end":{"line":33,"column":15}},"14":{"start":{"line":35,"column":22},"end":{"line":35,"column":51}},"15":{"start":{"line":35,"column":42},"end":{"line":35,"column":50}},"16":{"start":{"line":37,"column":29},"end":{"line":47,"column":8}},"17":{"start":{"line":49,"column":30},"end":{"line":57,"column":8}},"18":{"start":{"line":50,"column":30},"end":{"line":51,"column":null}},"19":{"start":{"line":51,"column":17},"end":{"line":51,"column":57}},"20":{"start":{"line":53,"column":8},"end":{"line":56,"column":10}},"21":{"start":{"line":59,"column":6},"end":{"line":59,"column":55}},"22":{"start":{"line":61,"column":6},"end":{"line":61,"column":34}},"23":{"start":{"line":66,"column":19},"end":{"line":66,"column":34}},"24":{"start":{"line":67,"column":19},"end":{"line":67,"column":34}},"25":{"start":{"line":69,"column":4},"end":{"line":87,"column":5}},"26":{"start":{"line":70,"column":19},"end":{"line":70,"column":51}},"27":{"start":{"line":72,"column":6},"end":{"line":75,"column":7}},"28":{"start":{"line":73,"column":8},"end":{"line":73,"column":60}},"29":{"start":{"line":74,"column":8},"end":{"line":74,"column":15}},"30":{"start":{"line":77,"column":6},"end":{"line":80,"column":7}},"31":{"start":{"line":78,"column":8},"end":{"line":78,"column":73}},"32":{"start":{"line":79,"column":8},"end":{"line":79,"column":15}},"33":{"start":{"line":81,"column":6},"end":{"line":81,"column":30}},"34":{"start":{"line":82,"column":6},"end":{"line":82,"column":24}},"35":{"start":{"line":84,"column":6},"end":{"line":84,"column":73}},"36":{"start":{"line":86,"column":6},"end":{"line":86,"column":72}},"37":{"start":{"line":91,"column":19},"end":{"line":91,"column":34}},"38":{"start":{"line":92,"column":19},"end":{"line":92,"column":34}},"39":{"start":{"line":94,"column":4},"end":{"line":115,"column":5}},"40":{"start":{"line":95,"column":19},"end":{"line":95,"column":51}},"41":{"start":{"line":97,"column":6},"end":{"line":100,"column":7}},"42":{"start":{"line":98,"column":8},"end":{"line":98,"column":60}},"43":{"start":{"line":99,"column":8},"end":{"line":99,"column":15}},"44":{"start":{"line":102,"column":6},"end":{"line":105,"column":7}},"45":{"start":{"line":103,"column":8},"end":{"line":103,"column":73}},"46":{"start":{"line":104,"column":8},"end":{"line":104,"column":15}},"47":{"start":{"line":107,"column":6},"end":{"line":109,"column":8}},"48":{"start":{"line":108,"column":18},"end":{"line":108,"column":55}},"49":{"start":{"line":110,"column":6},"end":{"line":110,"column":24}},"50":{"start":{"line":112,"column":6},"end":{"line":112,"column":75}},"51":{"start":{"line":114,"column":6},"end":{"line":114,"column":74}},"52":{"start":{"line":119,"column":15},"end":{"line":119,"column":28}},"53":{"start":{"line":120,"column":23},"end":{"line":120,"column":39}},"54":{"start":{"line":121,"column":24},"end":{"line":121,"column":41}},"55":{"start":{"line":122,"column":21},"end":{"line":122,"column":35}},"56":{"start":{"line":123,"column":26},"end":{"line":123,"column":41}},"57":{"start":{"line":124,"column":19},"end":{"line":124,"column":34}},"58":{"start":{"line":126,"column":4},"end":{"line":137,"column":5}},"59":{"start":{"line":127,"column":17},"end":{"line":133,"column":8}},"60":{"start":{"line":134,"column":6},"end":{"line":134,"column":38}},"61":{"start":{"line":136,"column":6},"end":{"line":136,"column":34}},"62":{"start":{"line":141,"column":19},"end":{"line":141,"column":32}},"63":{"start":{"line":142,"column":4},"end":{"line":148,"column":5}},"64":{"start":{"line":143,"column":20},"end":{"line":143,"column":59}},"65":{"start":{"line":144,"column":6},"end":{"line":144,"column":43}},"66":{"start":{"line":145,"column":6},"end":{"line":145,"column":22}},"67":{"start":{"line":147,"column":6},"end":{"line":147,"column":34}},"68":{"start":{"line":151,"column":0},"end":{"line":151,"column":37}}},"fnMap":{"0":{"name":"(anonymous_1)","decl":{"start":{"line":7,"column":2},"end":{"line":7,"column":null}},"loc":{"start":{"line":7,"column":2},"end":{"line":9,"column":3}}},"1":{"name":"(anonymous_2)","decl":{"start":{"line":11,"column":2},"end":{"line":11,"column":7}},"loc":{"start":{"line":11,"column":42},"end":{"line":19,"column":3}}},"2":{"name":"(anonymous_3)","decl":{"start":{"line":21,"column":2},"end":{"line":21,"column":7}},"loc":{"start":{"line":21,"column":47},"end":{"line":63,"column":3}}},"3":{"name":"(anonymous_4)","decl":{"start":{"line":35,"column":32},"end":{"line":35,"column":33}},"loc":{"start":{"line":35,"column":42},"end":{"line":35,"column":50}}},"4":{"name":"(anonymous_5)","decl":{"start":{"line":49,"column":40},"end":{"line":49,"column":41}},"loc":{"start":{"line":49,"column":49},"end":{"line":57,"column":7}}},"5":{"name":"(anonymous_6)","decl":{"start":{"line":51,"column":10},"end":{"line":51,"column":11}},"loc":{"start":{"line":51,"column":17},"end":{"line":51,"column":57}}},"6":{"name":"(anonymous_7)","decl":{"start":{"line":65,"column":2},"end":{"line":65,"column":7}},"loc":{"start":{"line":65,"column":43},"end":{"line":88,"column":3}}},"7":{"name":"(anonymous_8)","decl":{"start":{"line":90,"column":2},"end":{"line":90,"column":7}},"loc":{"start":{"line":90,"column":46},"end":{"line":116,"column":3}}},"8":{"name":"(anonymous_9)","decl":{"start":{"line":108,"column":8},"end":{"line":108,"column":9}},"loc":{"start":{"line":108,"column":18},"end":{"line":108,"column":55}}},"9":{"name":"(anonymous_10)","decl":{"start":{"line":118,"column":2},"end":{"line":118,"column":7}},"loc":{"start":{"line":118,"column":46},"end":{"line":138,"column":3}}},"10":{"name":"(anonymous_11)","decl":{"start":{"line":140,"column":2},"end":{"line":140,"column":7}},"loc":{"start":{"line":140,"column":47},"end":{"line":149,"column":3}}}},"branchMap":{"0":{"loc":{"start":{"line":23,"column":17},"end":{"line":23,"column":56}},"type":"binary-expr","locations":[{"start":{"line":23,"column":17},"end":{"line":23,"column":51}},{"start":{"line":23,"column":55},"end":{"line":23,"column":56}}]},"1":{"loc":{"start":{"line":55,"column":17},"end":{"line":55,"column":43}},"type":"binary-expr","locations":[{"start":{"line":55,"column":17},"end":{"line":55,"column":37}},{"start":{"line":55,"column":41},"end":{"line":55,"column":43}}]},"2":{"loc":{"start":{"line":72,"column":6},"end":{"line":75,"column":7}},"type":"if","locations":[{"start":{"line":72,"column":6},"end":{"line":75,"column":7}}]},"3":{"loc":{"start":{"line":77,"column":6},"end":{"line":80,"column":7}},"type":"if","locations":[{"start":{"line":77,"column":6},"end":{"line":80,"column":7}}]},"4":{"loc":{"start":{"line":97,"column":6},"end":{"line":100,"column":7}},"type":"if","locations":[{"start":{"line":97,"column":6},"end":{"line":100,"column":7}}]},"5":{"loc":{"start":{"line":102,"column":6},"end":{"line":105,"column":7}},"type":"if","locations":[{"start":{"line":102,"column":6},"end":{"line":105,"column":7}}]}},"s":{"0":2,"1":2,"2":2,"3":3,"4":3,"5":3,"6":3,"7":0,"8":0,"9":0,"10":0,"11":0,"12":0,"13":0,"14":0,"15":0,"16":0,"17":0,"18":0,"19":0,"20":0,"21":0,"22":0,"23":0,"24":0,"25":0,"26":0,"27":0,"28":0,"29":0,"30":0,"31":0,"32":0,"33":0,"34":0,"35":0,"36":0,"37":0,"38":0,"39":0,"40":0,"41":0,"42":0,"43":0,"44":0,"45":0,"46":0,"47":0,"48":0,"49":0,"50":0,"51":0,"52":0,"53":0,"54":0,"55":0,"56":0,"57":0,"58":0,"59":0,"60":0,"61":0,"62":0,"63":0,"64":0,"65":0,"66":0,"67":0,"68":2},"f":{"0":2,"1":3,"2":0,"3":0,"4":0,"5":0,"6":0,"7":0,"8":0,"9":0,"10":0},"b":{"0":[0,0],"1":[0,0],"2":[0],"3":[0],"4":[0],"5":[0]}}
,"/Users/noa/Desktop/Projects/Degree/webApplications/firstAssignment/myApp/server/src/models/comments.model.ts": {"path":"/Users/noa/Desktop/Projects/Degree/webApplications/firstAssignment/myApp/server/src/models/comments.model.ts","statementMap":{"0":{"start":{"line":1,"column":0},"end":{"line":1,"column":51}},"1":{"start":{"line":9,"column":23},"end":{"line":27,"column":2}},"2":{"start":{"line":29,"column":22},"end":{"line":29,"column":75}},"3":{"start":{"line":31,"column":0},"end":{"line":31,"column":29}}},"fnMap":{},"branchMap":{},"s":{"0":2,"1":2,"2":2,"3":2},"f":{},"b":{}}
,"/Users/noa/Desktop/Projects/Degree/webApplications/firstAssignment/myApp/server/src/models/posts.model.ts": {"path":"/Users/noa/Desktop/Projects/Degree/webApplications/firstAssignment/myApp/server/src/models/posts.model.ts","statementMap":{"0":{"start":{"line":1,"column":0},"end":{"line":1,"column":51}},"1":{"start":{"line":14,"column":19},"end":{"line":50,"column":2}},"2":{"start":{"line":52,"column":18},"end":{"line":52,"column":60}},"3":{"start":{"line":54,"column":0},"end":{"line":54,"column":25}}},"fnMap":{},"branchMap":{},"s":{"0":2,"1":2,"2":2,"3":2},"f":{},"b":{}}
,"/Users/noa/Desktop/Projects/Degree/webApplications/firstAssignment/myApp/server/src/models/users.model.ts": {"path":"/Users/noa/Desktop/Projects/Degree/webApplications/firstAssignment/myApp/server/src/models/users.model.ts","statementMap":{"0":{"start":{"line":1,"column":0},"end":{"line":1,"column":43}},"1":{"start":{"line":12,"column":19},"end":{"line":34,"column":2}},"2":{"start":{"line":36,"column":18},"end":{"line":36,"column":53}},"3":{"start":{"line":38,"column":0},"end":{"line":38,"column":25}}},"fnMap":{},"branchMap":{},"s":{"0":2,"1":2,"2":2,"3":2},"f":{},"b":{}}
,"/Users/noa/Desktop/Projects/Degree/webApplications/firstAssignment/myApp/server/src/routes/auth_routes.ts": {"path":"/Users/noa/Desktop/Projects/Degree/webApplications/firstAssignment/myApp/server/src/routes/auth_routes.ts","statementMap":{"0":{"start":{"line":1,"column":0},"end":{"line":1,"column":53}},"1":{"start":{"line":2,"column":0},"end":{"line":2,"column":60}},"2":{"start":{"line":4,"column":15},"end":{"line":4,"column":31}},"3":{"start":{"line":65,"column":0},"end":{"line":67,"column":3}},"4":{"start":{"line":66,"column":2},"end":{"line":66,"column":36}},"5":{"start":{"line":109,"column":0},"end":{"line":111,"column":3}},"6":{"start":{"line":110,"column":2},"end":{"line":110,"column":40}},"7":{"start":{"line":150,"column":0},"end":{"line":152,"column":3}},"8":{"start":{"line":151,"column":2},"end":{"line":151,"column":33}},"9":{"start":{"line":192,"column":0},"end":{"line":194,"column":3}},"10":{"start":{"line":193,"column":2},"end":{"line":193,"column":35}},"11":{"start":{"line":223,"column":0},"end":{"line":225,"column":3}},"12":{"start":{"line":224,"column":2},"end":{"line":224,"column":34}},"13":{"start":{"line":269,"column":0},"end":{"line":271,"column":3}},"14":{"start":{"line":270,"column":2},"end":{"line":270,"column":38}},"15":{"start":{"line":273,"column":0},"end":{"line":273,"column":22}}},"fnMap":{"0":{"name":"(anonymous_1)","decl":{"start":{"line":65,"column":25},"end":{"line":65,"column":26}},"loc":{"start":{"line":65,"column":57},"end":{"line":67,"column":1}}},"1":{"name":"(anonymous_2)","decl":{"start":{"line":109,"column":23},"end":{"line":109,"column":24}},"loc":{"start":{"line":109,"column":55},"end":{"line":111,"column":1}}},"2":{"name":"(anonymous_3)","decl":{"start":{"line":150,"column":22},"end":{"line":150,"column":23}},"loc":{"start":{"line":150,"column":54},"end":{"line":152,"column":1}}},"3":{"name":"(anonymous_4)","decl":{"start":{"line":192,"column":24},"end":{"line":192,"column":25}},"loc":{"start":{"line":192,"column":56},"end":{"line":194,"column":1}}},"4":{"name":"(anonymous_5)","decl":{"start":{"line":223,"column":23},"end":{"line":223,"column":24}},"loc":{"start":{"line":223,"column":55},"end":{"line":225,"column":1}}},"5":{"name":"(anonymous_6)","decl":{"start":{"line":269,"column":19},"end":{"line":269,"column":20}},"loc":{"start":{"line":269,"column":51},"end":{"line":271,"column":1}}}},"branchMap":{},"s":{"0":2,"1":2,"2":2,"3":2,"4":3,"5":2,"6":0,"7":2,"8":8,"9":2,"10":6,"11":2,"12":1,"13":2,"14":1,"15":2},"f":{"0":3,"1":0,"2":8,"3":6,"4":1,"5":1},"b":{}}
,"/Users/noa/Desktop/Projects/Degree/webApplications/firstAssignment/myApp/server/src/routes/comments.route.ts": {"path":"/Users/noa/Desktop/Projects/Degree/webApplications/firstAssignment/myApp/server/src/routes/comments.route.ts","statementMap":{"0":{"start":{"line":1,"column":0},"end":{"line":1,"column":30}},"1":{"start":{"line":2,"column":15},"end":{"line":2,"column":31}},"2":{"start":{"line":3,"column":0},"end":{"line":3,"column":68}},"3":{"start":{"line":4,"column":0},"end":{"line":4,"column":64}},"4":{"start":{"line":60,"column":0},"end":{"line":60,"column":68}},"5":{"start":{"line":116,"column":0},"end":{"line":116,"column":76}},"6":{"start":{"line":154,"column":0},"end":{"line":158,"column":2}},"7":{"start":{"line":183,"column":0},"end":{"line":187,"column":2}},"8":{"start":{"line":189,"column":0},"end":{"line":189,"column":22}}},"fnMap":{},"branchMap":{},"s":{"0":2,"1":2,"2":2,"3":2,"4":2,"5":2,"6":2,"7":2,"8":2},"f":{},"b":{}}
,"/Users/noa/Desktop/Projects/Degree/webApplications/firstAssignment/myApp/server/src/routes/file.routes.ts": {"path":"/Users/noa/Desktop/Projects/Degree/webApplications/firstAssignment/myApp/server/src/routes/file.routes.ts","statementMap":{"0":{"start":{"line":1,"column":0},"end":{"line":1,"column":30}},"1":{"start":{"line":2,"column":15},"end":{"line":2,"column":31}},"2":{"start":{"line":3,"column":0},"end":{"line":3,"column":28}},"3":{"start":{"line":5,"column":13},"end":{"line":5,"column":79}},"4":{"start":{"line":6,"column":16},"end":{"line":18,"column":2}},"5":{"start":{"line":8,"column":4},"end":{"line":8,"column":24}},"6":{"start":{"line":11,"column":16},"end":{"line":15,"column":16}},"7":{"start":{"line":16,"column":4},"end":{"line":16,"column":37}},"8":{"start":{"line":19,"column":15},"end":{"line":19,"column":43}},"9":{"start":{"line":70,"column":0},"end":{"line":77,"column":3}},"10":{"start":{"line":71,"column":2},"end":{"line":76,"column":3}},"11":{"start":{"line":72,"column":4},"end":{"line":72,"column":62}},"12":{"start":{"line":73,"column":4},"end":{"line":73,"column":56}},"13":{"start":{"line":75,"column":4},"end":{"line":75,"column":58}},"14":{"start":{"line":78,"column":0},"end":{"line":78,"column":16}}},"fnMap":{"0":{"name":"(anonymous_1)","decl":{"start":{"line":7,"column":15},"end":{"line":7,"column":25}},"loc":{"start":{"line":7,"column":38},"end":{"line":9,"column":3}}},"1":{"name":"(anonymous_2)","decl":{"start":{"line":10,"column":12},"end":{"line":10,"column":22}},"loc":{"start":{"line":10,"column":35},"end":{"line":17,"column":3}}},"2":{"name":"(anonymous_3)","decl":{"start":{"line":70,"column":40},"end":{"line":70,"column":50}},"loc":{"start":{"line":70,"column":58},"end":{"line":77,"column":1}}}},"branchMap":{"0":{"loc":{"start":{"line":71,"column":2},"end":{"line":76,"column":3}},"type":"if","locations":[{"start":{"line":71,"column":2},"end":{"line":76,"column":3}},{"start":{"line":74,"column":9},"end":{"line":76,"column":3}}]}},"s":{"0":2,"1":2,"2":2,"3":2,"4":2,"5":0,"6":0,"7":0,"8":2,"9":2,"10":0,"11":0,"12":0,"13":0,"14":2},"f":{"0":0,"1":0,"2":0},"b":{"0":[0,0]}}
,"/Users/noa/Desktop/Projects/Degree/webApplications/firstAssignment/myApp/server/src/routes/posts.route.ts": {"path":"/Users/noa/Desktop/Projects/Degree/webApplications/firstAssignment/myApp/server/src/routes/posts.route.ts","statementMap":{"0":{"start":{"line":1,"column":0},"end":{"line":1,"column":30}},"1":{"start":{"line":2,"column":15},"end":{"line":2,"column":31}},"2":{"start":{"line":3,"column":0},"end":{"line":3,"column":62}},"3":{"start":{"line":4,"column":0},"end":{"line":4,"column":64}},"4":{"start":{"line":82,"column":0},"end":{"line":82,"column":67}},"5":{"start":{"line":110,"column":0},"end":{"line":114,"column":2}},"6":{"start":{"line":155,"column":0},"end":{"line":155,"column":79}},"7":{"start":{"line":181,"column":0},"end":{"line":185,"column":2}},"8":{"start":{"line":221,"column":0},"end":{"line":225,"column":2}},"9":{"start":{"line":260,"column":0},"end":{"line":264,"column":2}},"10":{"start":{"line":300,"column":0},"end":{"line":304,"column":2}},"11":{"start":{"line":305,"column":0},"end":{"line":305,"column":22}}},"fnMap":{},"branchMap":{},"s":{"0":2,"1":2,"2":2,"3":2,"4":2,"5":2,"6":2,"7":2,"8":2,"9":2,"10":2,"11":2},"f":{},"b":{}}
,"/Users/noa/Desktop/Projects/Degree/webApplications/firstAssignment/myApp/server/src/routes/priceRec.routes.ts": {"path":"/Users/noa/Desktop/Projects/Degree/webApplications/firstAssignment/myApp/server/src/routes/priceRec.routes.ts","statementMap":{"0":{"start":{"line":1,"column":0},"end":{"line":1,"column":30}},"1":{"start":{"line":2,"column":0},"end":{"line":2,"column":30}},"2":{"start":{"line":3,"column":31},"end":{"line":3,"column":63}},"3":{"start":{"line":5,"column":14},"end":{"line":5,"column":64}},"4":{"start":{"line":6,"column":14},"end":{"line":6,"column":69}},"5":{"start":{"line":7,"column":15},"end":{"line":7,"column":31}},"6":{"start":{"line":64,"column":0},"end":{"line":78,"column":3}},"7":{"start":{"line":65,"column":30},"end":{"line":65,"column":38}},"8":{"start":{"line":66,"column":2},"end":{"line":66,"column":16}},"9":{"start":{"line":68,"column":2},"end":{"line":77,"column":3}},"10":{"start":{"line":69,"column":19},"end":{"line":69,"column":201}},"11":{"start":{"line":70,"column":19},"end":{"line":70,"column":54}},"12":{"start":{"line":71,"column":25},"end":{"line":71,"column":47}},"13":{"start":{"line":72,"column":4},"end":{"line":72,"column":30}},"14":{"start":{"line":73,"column":4},"end":{"line":73,"column":49}},"15":{"start":{"line":75,"column":4},"end":{"line":75,"column":65}},"16":{"start":{"line":76,"column":4},"end":{"line":76,"column":76}},"17":{"start":{"line":80,"column":0},"end":{"line":80,"column":22}}},"fnMap":{"0":{"name":"(anonymous_1)","decl":{"start":{"line":64,"column":39},"end":{"line":64,"column":44}},"loc":{"start":{"line":64,"column":58},"end":{"line":78,"column":1}}}},"branchMap":{},"s":{"0":2,"1":2,"2":2,"3":2,"4":2,"5":2,"6":2,"7":0,"8":0,"9":0,"10":0,"11":0,"12":0,"13":0,"14":0,"15":0,"16":0,"17":2},"f":{"0":0},"b":{}}
,"/Users/noa/Desktop/Projects/Degree/webApplications/firstAssignment/myApp/server/src/utils/readCertificates.ts": {"path":"/Users/noa/Desktop/Projects/Degree/webApplications/firstAssignment/myApp/server/src/utils/readCertificates.ts","statementMap":{"0":{"start":{"line":1,"column":0},"end":{"line":1,"column":20}},"1":{"start":{"line":2,"column":0},"end":{"line":2,"column":24}},"2":{"start":{"line":4,"column":25},"end":{"line":22,"column":1}},"3":{"start":{"line":7,"column":2},"end":{"line":19,"column":3}},"4":{"start":{"line":8,"column":4},"end":{"line":11,"column":6}},"5":{"start":{"line":12,"column":4},"end":{"line":15,"column":6}},"6":{"start":{"line":17,"column":4},"end":{"line":17,"column":61}},"7":{"start":{"line":18,"column":4},"end":{"line":18,"column":20}},"8":{"start":{"line":21,"column":2},"end":{"line":21,"column":37}},"9":{"start":{"line":24,"column":0},"end":{"line":24,"column":32}}},"fnMap":{"0":{"name":"(anonymous_1)","decl":{"start":{"line":4,"column":25},"end":{"line":4,"column":28}},"loc":{"start":{"line":4,"column":30},"end":{"line":22,"column":1}}}},"branchMap":{},"s":{"0":2,"1":2,"2":2,"3":0,"4":0,"5":0,"6":0,"7":0,"8":0,"9":2},"f":{"0":0},"b":{}}
}
