TN:
SF:src/server.ts
FN:24,(anonymous_1)
FN:33,(anonymous_2)
FN:57,(anonymous_3)
FN:61,(anonymous_4)
FN:93,(anonymous_5)
FNF:5
FNH:2
FNDA:2,(anonymous_1)
FNDA:2,(anonymous_2)
FNDA:0,(anonymous_3)
FNDA:0,(anonymous_4)
FNDA:0,(anonymous_5)
DA:1,2
DA:2,2
DA:9,2
DA:10,2
DA:11,2
DA:12,2
DA:14,2
DA:15,2
DA:16,2
DA:17,2
DA:18,2
DA:19,2
DA:20,2
DA:22,2
DA:24,2
DA:25,2
DA:27,2
DA:31,2
DA:34,2
DA:35,2
DA:37,2
DA:39,2
DA:40,2
DA:41,2
DA:42,2
DA:43,2
DA:44,2
DA:45,2
DA:46,2
DA:48,2
DA:54,2
DA:57,2
DA:58,0
DA:61,2
DA:62,0
DA:65,2
DA:66,0
DA:68,0
DA:70,0
DA:78,0
DA:84,2
DA:85,2
DA:86,2
DA:93,0
DA:96,2
LF:45
LH:38
BRDA:27,0,0,0
BRDA:27,0,1,2
BRDA:28,1,0,0
BRDA:28,1,1,0
BRDA:29,2,0,2
BRDA:29,2,1,0
BRDA:65,3,0,0
BRDA:65,3,1,2
BRF:8
BRH:3
end_of_record
TN:
SF:src/controllers/auth.controller.ts
FN:9,(anonymous_1)
FN:44,(anonymous_2)
FN:85,(anonymous_3)
FN:115,(anonymous_4)
FN:167,(anonymous_5)
FN:168,(anonymous_6)
FN:181,(anonymous_7)
FN:201,(anonymous_8)
FN:215,(anonymous_9)
FN:226,(anonymous_10)
FN:252,(anonymous_11)
FN:285,(anonymous_12)
FN:302,(anonymous_13)
FN:312,(anonymous_14)
FNF:14
FNH:13
FNDA:0,(anonymous_1)
FNDA:4,(anonymous_2)
FNDA:11,(anonymous_3)
FNDA:8,(anonymous_4)
FNDA:6,(anonymous_5)
FNDA:6,(anonymous_6)
FNDA:6,(anonymous_7)
FNDA:9,(anonymous_8)
FNDA:1,(anonymous_9)
FNDA:1,(anonymous_10)
FNDA:6,(anonymous_11)
FNDA:13,(anonymous_12)
FNDA:12,(anonymous_13)
FNDA:1,(anonymous_14)
DA:2,2
DA:3,2
DA:4,2
DA:6,2
DA:8,2
DA:9,2
DA:10,0
DA:11,0
DA:15,0
DA:16,0
DA:17,0
DA:18,0
DA:19,0
DA:20,0
DA:27,0
DA:28,0
DA:29,0
DA:31,0
DA:40,0
DA:44,2
DA:45,4
DA:46,4
DA:47,4
DA:48,0
DA:51,4
DA:52,4
DA:53,4
DA:54,3
DA:60,2
DA:61,2
DA:62,0
DA:65,2
DA:66,2
DA:68,2
DA:76,2
DA:85,2
DA:86,11
DA:87,0
DA:90,11
DA:92,11
DA:100,11
DA:109,11
DA:115,2
DA:116,8
DA:117,8
DA:118,8
DA:119,1
DA:120,1
DA:123,7
DA:127,7
DA:128,1
DA:129,1
DA:131,6
DA:132,0
DA:133,0
DA:136,6
DA:137,6
DA:138,0
DA:139,0
DA:141,6
DA:142,0
DA:144,6
DA:145,6
DA:146,6
DA:155,0
DA:167,2
DA:168,6
DA:169,6
DA:170,0
DA:171,0
DA:174,6
DA:175,0
DA:176,0
DA:178,6
DA:182,6
DA:183,0
DA:184,0
DA:187,6
DA:188,6
DA:189,6
DA:190,6
DA:191,0
DA:192,0
DA:194,6
DA:195,3
DA:196,3
DA:197,3
DA:198,3
DA:200,3
DA:201,9
DA:203,3
DA:205,3
DA:207,0
DA:208,0
DA:215,2
DA:216,1
DA:217,1
DA:218,1
DA:219,0
DA:222,1
DA:223,1
DA:227,1
DA:228,0
DA:231,1
DA:232,1
DA:233,0
DA:236,1
DA:237,1
DA:238,0
DA:241,1
DA:242,1
DA:243,1
DA:247,0
DA:248,0
DA:252,2
DA:253,6
DA:254,6
DA:255,3
DA:256,0
DA:257,0
DA:260,3
DA:261,3
DA:262,0
DA:263,0
DA:265,3
DA:266,0
DA:268,3
DA:270,3
DA:271,3
DA:277,3
DA:285,2
DA:290,13
DA:291,13
DA:293,13
DA:294,1
DA:295,1
DA:297,12
DA:298,0
DA:299,0
DA:302,12
DA:303,12
DA:304,1
DA:305,1
DA:307,11
DA:308,11
DA:312,2
DA:313,1
DA:314,1
DA:315,1
DA:317,1
DA:318,1
DA:322,1
DA:324,0
DA:328,2
LF:154
LH:108
BRDA:17,0,0,0
BRDA:19,1,0,0
BRDA:28,2,0,0
BRDA:47,3,0,0
BRDA:61,4,0,0
BRDA:86,5,0,0
BRDA:118,6,0,1
BRDA:127,7,0,1
BRDA:131,8,0,0
BRDA:137,9,0,0
BRDA:141,10,0,0
BRDA:169,11,0,0
BRDA:174,12,0,0
BRDA:182,13,0,0
BRDA:190,14,0,0
BRDA:194,15,0,3
BRDA:194,16,0,6
BRDA:194,16,1,6
BRDA:217,17,0,1
BRDA:217,17,1,1
BRDA:218,18,0,0
BRDA:227,19,0,0
BRDA:232,20,0,0
BRDA:237,21,0,0
BRDA:255,22,0,0
BRDA:261,23,0,0
BRDA:265,24,0,0
BRDA:291,25,0,13
BRDA:291,25,1,12
BRDA:293,26,0,1
BRDA:297,27,0,0
BRDA:303,28,0,1
BRF:32
BRH:11
end_of_record
TN:
SF:src/controllers/base.controller.ts
FN:6,(anonymous_0)
FN:10,(anonymous_1)
FN:25,(anonymous_2)
FN:40,(anonymous_3)
FN:50,(anonymous_4)
FNF:5
FNH:3
FNDA:4,(anonymous_0)
FNDA:0,(anonymous_1)
FNDA:0,(anonymous_2)
FNDA:5,(anonymous_3)
FNDA:1,(anonymous_4)
DA:7,4
DA:11,0
DA:12,0
DA:13,0
DA:14,0
DA:15,0
DA:17,0
DA:18,0
DA:21,0
DA:26,0
DA:28,0
DA:29,0
DA:30,0
DA:31,0
DA:33,0
DA:36,0
DA:41,5
DA:42,5
DA:43,5
DA:44,3
DA:46,2
DA:51,1
DA:52,1
DA:53,1
DA:54,1
DA:56,0
DA:61,2
LF:27
LH:11
BRDA:13,0,0,0
BRDA:13,0,1,0
BRDA:30,1,0,0
BRDA:30,1,1,0
BRF:4
BRH:0
end_of_record
TN:
SF:src/controllers/comments.controller.ts
FN:6,(anonymous_1)
FN:10,(anonymous_2)
FN:18,(anonymous_3)
FNF:3
FNH:1
FNDA:2,(anonymous_1)
FNDA:0,(anonymous_2)
FNDA:0,(anonymous_3)
DA:1,2
DA:3,2
DA:7,2
DA:11,0
DA:14,0
DA:15,0
DA:19,0
DA:21,0
DA:22,0
DA:25,0
DA:26,0
DA:28,0
DA:31,0
DA:35,2
LF:14
LH:4
BRDA:25,0,0,0
BRDA:25,0,1,0
BRF:2
BRH:0
end_of_record
TN:
SF:src/controllers/posts.controller.ts
FN:7,(anonymous_1)
FN:11,(anonymous_2)
FN:21,(anonymous_3)
FN:35,(anonymous_4)
FN:49,(anonymous_5)
FN:51,(anonymous_6)
FN:65,(anonymous_7)
FN:90,(anonymous_8)
FN:108,(anonymous_9)
FN:118,(anonymous_10)
FN:140,(anonymous_11)
FNF:11
FNH:11
FNDA:2,(anonymous_1)
FNDA:5,(anonymous_2)
FNDA:3,(anonymous_3)
FNDA:2,(anonymous_4)
FNDA:2,(anonymous_5)
FNDA:2,(anonymous_6)
FNDA:1,(anonymous_7)
FNDA:1,(anonymous_8)
FNDA:3,(anonymous_9)
FNDA:1,(anonymous_10)
FNDA:2,(anonymous_11)
DA:1,2
DA:3,2
DA:8,2
DA:12,5
DA:13,5
DA:17,5
DA:18,5
DA:22,3
DA:23,3
DA:24,3
DA:25,3
DA:26,3
DA:27,3
DA:28,3
DA:35,3
DA:37,3
DA:49,3
DA:50,2
DA:51,2
DA:53,2
DA:59,3
DA:61,0
DA:66,1
DA:67,1
DA:69,1
DA:70,1
DA:72,1
DA:73,0
DA:74,0
DA:77,1
DA:78,0
DA:79,0
DA:81,1
DA:82,1
DA:84,1
DA:86,0
DA:91,1
DA:92,1
DA:94,1
DA:95,1
DA:97,1
DA:98,0
DA:99,0
DA:102,1
DA:103,0
DA:104,0
DA:107,1
DA:108,3
DA:110,1
DA:112,1
DA:114,0
DA:119,1
DA:120,1
DA:121,1
DA:122,1
DA:123,1
DA:124,1
DA:126,1
DA:127,1
DA:134,1
DA:136,0
DA:141,2
DA:142,2
DA:143,2
DA:144,2
DA:145,2
DA:147,0
DA:151,2
LF:68
LH:55
BRDA:23,0,0,3
BRDA:23,0,1,3
BRDA:55,1,0,2
BRDA:55,1,1,0
BRDA:72,2,0,0
BRDA:77,3,0,0
BRDA:97,4,0,0
BRDA:102,5,0,0
BRF:8
BRH:3
end_of_record
TN:
SF:src/models/comments.model.ts
FNF:0
FNH:0
DA:1,2
DA:9,2
DA:29,2
DA:31,2
LF:4
LH:4
BRF:0
BRH:0
end_of_record
TN:
SF:src/models/posts.model.ts
FNF:0
FNH:0
DA:1,2
DA:14,2
DA:52,2
DA:54,2
LF:4
LH:4
BRF:0
BRH:0
end_of_record
TN:
SF:src/models/users.model.ts
FNF:0
FNH:0
DA:1,2
DA:12,2
DA:36,2
DA:38,2
LF:4
LH:4
BRF:0
BRH:0
end_of_record
TN:
SF:src/routes/auth_routes.ts
FN:65,(anonymous_1)
FN:109,(anonymous_2)
FN:150,(anonymous_3)
FN:192,(anonymous_4)
FN:223,(anonymous_5)
FN:269,(anonymous_6)
FNF:6
FNH:5
FNDA:4,(anonymous_1)
FNDA:0,(anonymous_2)
FNDA:8,(anonymous_3)
FNDA:6,(anonymous_4)
FNDA:1,(anonymous_5)
FNDA:1,(anonymous_6)
DA:1,2
DA:2,2
DA:4,2
DA:65,2
DA:66,4
DA:109,2
DA:110,0
DA:150,2
DA:151,8
DA:192,2
DA:193,6
DA:223,2
DA:224,1
DA:269,2
DA:270,1
DA:273,2
LF:16
LH:15
BRF:0
BRH:0
end_of_record
TN:
SF:src/routes/comments.route.ts
FNF:0
FNH:0
DA:1,2
DA:2,2
DA:3,2
DA:4,2
DA:60,2
DA:116,2
DA:154,2
DA:183,2
DA:189,2
LF:9
LH:9
BRF:0
BRH:0
end_of_record
TN:
SF:src/routes/file.routes.ts
FN:7,(anonymous_1)
FN:10,(anonymous_2)
FN:70,(anonymous_3)
FNF:3
FNH:0
FNDA:0,(anonymous_1)
FNDA:0,(anonymous_2)
FNDA:0,(anonymous_3)
DA:1,2
DA:2,2
DA:3,2
DA:5,2
DA:6,2
DA:8,0
DA:11,0
DA:16,0
DA:19,2
DA:70,2
DA:71,0
DA:72,0
DA:73,0
DA:75,0
DA:78,2
LF:15
LH:8
BRDA:71,0,0,0
BRDA:71,0,1,0
BRF:2
BRH:0
end_of_record
TN:
SF:src/routes/posts.route.ts
FNF:0
FNH:0
DA:1,2
DA:2,2
DA:3,2
DA:4,2
DA:82,2
DA:110,2
DA:155,2
DA:181,2
DA:221,2
DA:260,2
DA:300,2
DA:305,2
LF:12
LH:12
BRF:0
BRH:0
end_of_record
TN:
SF:src/routes/priceRec.routes.ts
FN:64,(anonymous_1)
FNF:1
FNH:0
FNDA:0,(anonymous_1)
DA:1,2
DA:2,2
DA:3,2
DA:5,2
DA:6,2
DA:7,2
DA:64,2
DA:65,0
DA:66,0
DA:68,0
DA:69,0
DA:70,0
DA:71,0
DA:72,0
DA:73,0
DA:75,0
DA:76,0
DA:80,2
LF:18
LH:8
BRF:0
BRH:0
end_of_record
TN:
SF:src/utils/readCertificates.ts
FN:4,(anonymous_1)
FNF:1
FNH:0
FNDA:0,(anonymous_1)
DA:1,2
DA:2,2
DA:4,2
DA:7,0
DA:8,0
DA:12,0
DA:17,0
DA:18,0
DA:21,0
DA:24,2
LF:10
LH:4
BRF:0
BRH:0
end_of_record
