{"C:\\Users\\DanielN\\Documents\\אפליקציות\\myApp\\server.js": {"path":"C:\\Users\\DanielN\\Documents\\אפליקציות\\myApp\\server.js","statementMap":{"0":{"start":{"line":1,"column":15},"end":{"line":1,"column":41}},"1":{"start":{"line":2,"column":17},"end":{"line":2,"column":36}},"2":{"start":{"line":3,"column":19},"end":{"line":3,"column":41}},"3":{"start":{"line":5,"column":16},"end":{"line":5,"column":34}},"4":{"start":{"line":6,"column":12},"end":{"line":6,"column":21}},"5":{"start":{"line":7,"column":19},"end":{"line":7,"column":50}},"6":{"start":{"line":8,"column":0},"end":{"line":8,"column":27}},"7":{"start":{"line":9,"column":0},"end":{"line":9,"column":51}},"8":{"start":{"line":10,"column":0},"end":{"line":10,"column":30}},"9":{"start":{"line":12,"column":11},"end":{"line":12,"column":30}},"10":{"start":{"line":13,"column":0},"end":{"line":13,"column":48}},"11":{"start":{"line":13,"column":26},"end":{"line":13,"column":46}},"12":{"start":{"line":14,"column":0},"end":{"line":14,"column":60}},"13":{"start":{"line":14,"column":22},"end":{"line":14,"column":58}},"14":{"start":{"line":16,"column":16},"end":{"line":27,"column":1}},"15":{"start":{"line":17,"column":2},"end":{"line":26,"column":5}},"16":{"start":{"line":18,"column":4},"end":{"line":25,"column":9}},"17":{"start":{"line":21,"column":8},"end":{"line":21,"column":21}},"18":{"start":{"line":24,"column":8},"end":{"line":24,"column":22}},"19":{"start":{"line":29,"column":0},"end":{"line":29,"column":25}}},"fnMap":{"0":{"name":"(anonymous_0)","decl":{"start":{"line":13,"column":15},"end":{"line":13,"column":16}},"loc":{"start":{"line":13,"column":26},"end":{"line":13,"column":46}},"line":13},"1":{"name":"(anonymous_1)","decl":{"start":{"line":14,"column":16},"end":{"line":14,"column":17}},"loc":{"start":{"line":14,"column":22},"end":{"line":14,"column":58}},"line":14},"2":{"name":"(anonymous_2)","decl":{"start":{"line":16,"column":16},"end":{"line":16,"column":17}},"loc":{"start":{"line":16,"column":22},"end":{"line":27,"column":1}},"line":16},"3":{"name":"(anonymous_3)","decl":{"start":{"line":17,"column":21},"end":{"line":17,"column":22}},"loc":{"start":{"line":17,"column":42},"end":{"line":26,"column":3}},"line":17},"4":{"name":"(anonymous_4)","decl":{"start":{"line":20,"column":12},"end":{"line":20,"column":13}},"loc":{"start":{"line":20,"column":18},"end":{"line":22,"column":7}},"line":20},"5":{"name":"(anonymous_5)","decl":{"start":{"line":23,"column":13},"end":{"line":23,"column":14}},"loc":{"start":{"line":23,"column":24},"end":{"line":25,"column":7}},"line":23}},"branchMap":{},"s":{"0":1,"1":1,"2":1,"3":1,"4":1,"5":1,"6":1,"7":1,"8":1,"9":1,"10":1,"11":0,"12":1,"13":1,"14":1,"15":1,"16":1,"17":1,"18":0,"19":1},"f":{"0":0,"1":1,"2":1,"3":1,"4":1,"5":0},"b":{},"_coverageSchema":"1a1c01bbd47fc00a2c39e90264f33305004495a9","hash":"201b9d86eda52ebfd6643ee50cc0b7ca62552675"}
,"C:\\Users\\DanielN\\Documents\\אפליקציות\\myApp\\controllers\\posts.controller.js": {"path":"C:\\Users\\DanielN\\Documents\\אפליקציות\\myApp\\controllers\\posts.controller.js","statementMap":{"0":{"start":{"line":2,"column":18},"end":{"line":2,"column":50}},"1":{"start":{"line":4,"column":20},"end":{"line":17,"column":1}},"2":{"start":{"line":5,"column":17},"end":{"line":5,"column":32}},"3":{"start":{"line":6,"column":2},"end":{"line":16,"column":3}},"4":{"start":{"line":7,"column":4},"end":{"line":13,"column":5}},"5":{"start":{"line":8,"column":23},"end":{"line":8,"column":62}},"6":{"start":{"line":9,"column":6},"end":{"line":9,"column":25}},"7":{"start":{"line":11,"column":29},"end":{"line":11,"column":51}},"8":{"start":{"line":12,"column":6},"end":{"line":12,"column":31}},"9":{"start":{"line":15,"column":4},"end":{"line":15,"column":40}},"10":{"start":{"line":19,"column":20},"end":{"line":33,"column":1}},"11":{"start":{"line":20,"column":17},"end":{"line":20,"column":30}},"12":{"start":{"line":22,"column":2},"end":{"line":32,"column":3}},"13":{"start":{"line":23,"column":21},"end":{"line":23,"column":53}},"14":{"start":{"line":24,"column":4},"end":{"line":29,"column":5}},"15":{"start":{"line":26,"column":6},"end":{"line":26,"column":25}},"16":{"start":{"line":28,"column":6},"end":{"line":28,"column":45}},"17":{"start":{"line":31,"column":4},"end":{"line":31,"column":51}},"18":{"start":{"line":35,"column":19},"end":{"line":43,"column":1}},"19":{"start":{"line":36,"column":19},"end":{"line":36,"column":27}},"20":{"start":{"line":37,"column":2},"end":{"line":42,"column":3}},"21":{"start":{"line":38,"column":20},"end":{"line":38,"column":52}},"22":{"start":{"line":39,"column":4},"end":{"line":39,"column":34}},"23":{"start":{"line":41,"column":4},"end":{"line":41,"column":40}},"24":{"start":{"line":45,"column":19},"end":{"line":58,"column":1}},"25":{"start":{"line":46,"column":17},"end":{"line":46,"column":30}},"26":{"start":{"line":48,"column":2},"end":{"line":57,"column":3}},"27":{"start":{"line":49,"column":24},"end":{"line":49,"column":65}},"28":{"start":{"line":51,"column":4},"end":{"line":53,"column":5}},"29":{"start":{"line":52,"column":6},"end":{"line":52,"column":52}},"30":{"start":{"line":54,"column":4},"end":{"line":54,"column":38}},"31":{"start":{"line":56,"column":4},"end":{"line":56,"column":51}},"32":{"start":{"line":60,"column":19},"end":{"line":77,"column":1}},"33":{"start":{"line":61,"column":17},"end":{"line":61,"column":30}},"34":{"start":{"line":62,"column":21},"end":{"line":62,"column":29}},"35":{"start":{"line":64,"column":2},"end":{"line":76,"column":3}},"36":{"start":{"line":65,"column":24},"end":{"line":68,"column":6}},"37":{"start":{"line":69,"column":4},"end":{"line":73,"column":5}},"38":{"start":{"line":70,"column":6},"end":{"line":70,"column":40}},"39":{"start":{"line":72,"column":6},"end":{"line":72,"column":45}},"40":{"start":{"line":75,"column":4},"end":{"line":75,"column":40}},"41":{"start":{"line":79,"column":0},"end":{"line":85,"column":2}}},"fnMap":{"0":{"name":"(anonymous_0)","decl":{"start":{"line":4,"column":20},"end":{"line":4,"column":21}},"loc":{"start":{"line":4,"column":40},"end":{"line":17,"column":1}},"line":4},"1":{"name":"(anonymous_1)","decl":{"start":{"line":19,"column":20},"end":{"line":19,"column":21}},"loc":{"start":{"line":19,"column":40},"end":{"line":33,"column":1}},"line":19},"2":{"name":"(anonymous_2)","decl":{"start":{"line":35,"column":19},"end":{"line":35,"column":20}},"loc":{"start":{"line":35,"column":39},"end":{"line":43,"column":1}},"line":35},"3":{"name":"(anonymous_3)","decl":{"start":{"line":45,"column":19},"end":{"line":45,"column":20}},"loc":{"start":{"line":45,"column":39},"end":{"line":58,"column":1}},"line":45},"4":{"name":"(anonymous_4)","decl":{"start":{"line":60,"column":19},"end":{"line":60,"column":20}},"loc":{"start":{"line":60,"column":39},"end":{"line":77,"column":1}},"line":60}},"branchMap":{"0":{"loc":{"start":{"line":7,"column":4},"end":{"line":13,"column":5}},"type":"if","locations":[{"start":{"line":7,"column":4},"end":{"line":13,"column":5}},{"start":{"line":10,"column":11},"end":{"line":13,"column":5}}],"line":7},"1":{"loc":{"start":{"line":24,"column":4},"end":{"line":29,"column":5}},"type":"if","locations":[{"start":{"line":24,"column":4},"end":{"line":29,"column":5}},{"start":{"line":27,"column":11},"end":{"line":29,"column":5}}],"line":24},"2":{"loc":{"start":{"line":51,"column":4},"end":{"line":53,"column":5}},"type":"if","locations":[{"start":{"line":51,"column":4},"end":{"line":53,"column":5}},{"start":{},"end":{}}],"line":51},"3":{"loc":{"start":{"line":69,"column":4},"end":{"line":73,"column":5}},"type":"if","locations":[{"start":{"line":69,"column":4},"end":{"line":73,"column":5}},{"start":{"line":71,"column":11},"end":{"line":73,"column":5}}],"line":69}},"s":{"0":1,"1":1,"2":2,"3":2,"4":2,"5":1,"6":1,"7":1,"8":1,"9":0,"10":1,"11":2,"12":2,"13":2,"14":2,"15":1,"16":1,"17":0,"18":1,"19":2,"20":2,"21":2,"22":1,"23":1,"24":1,"25":2,"26":2,"27":2,"28":2,"29":1,"30":1,"31":0,"32":1,"33":2,"34":2,"35":2,"36":2,"37":2,"38":1,"39":1,"40":0,"41":1},"f":{"0":2,"1":2,"2":2,"3":2,"4":2},"b":{"0":[1,1],"1":[1,1],"2":[1,1],"3":[1,1]},"_coverageSchema":"1a1c01bbd47fc00a2c39e90264f33305004495a9","hash":"13a30479c25e5e9d672c591abb86c40ba69d561f"}
,"C:\\Users\\DanielN\\Documents\\אפליקציות\\myApp\\models\\posts.model.js": {"path":"C:\\Users\\DanielN\\Documents\\אפליקציות\\myApp\\models\\posts.model.js","statementMap":{"0":{"start":{"line":1,"column":17},"end":{"line":1,"column":36}},"1":{"start":{"line":3,"column":19},"end":{"line":13,"column":2}},"2":{"start":{"line":15,"column":18},"end":{"line":15,"column":53}},"3":{"start":{"line":17,"column":0},"end":{"line":17,"column":27}}},"fnMap":{},"branchMap":{},"s":{"0":1,"1":1,"2":1,"3":1},"f":{},"b":{},"_coverageSchema":"1a1c01bbd47fc00a2c39e90264f33305004495a9","hash":"3a2ad3d8071f716dda1db210c1f3e6909ce9d16a"}
,"C:\\Users\\DanielN\\Documents\\אפליקציות\\myApp\\routes\\posts.route.js": {"path":"C:\\Users\\DanielN\\Documents\\אפליקציות\\myApp\\routes\\posts.route.js","statementMap":{"0":{"start":{"line":1,"column":16},"end":{"line":1,"column":34}},"1":{"start":{"line":2,"column":15},"end":{"line":2,"column":31}},"2":{"start":{"line":3,"column":24},"end":{"line":3,"column":66}},"3":{"start":{"line":5,"column":0},"end":{"line":5,"column":45}},"4":{"start":{"line":7,"column":0},"end":{"line":7,"column":48}},"5":{"start":{"line":9,"column":0},"end":{"line":9,"column":45}},"6":{"start":{"line":11,"column":0},"end":{"line":11,"column":50}},"7":{"start":{"line":13,"column":0},"end":{"line":13,"column":47}},"8":{"start":{"line":15,"column":0},"end":{"line":15,"column":24}}},"fnMap":{},"branchMap":{},"s":{"0":1,"1":1,"2":1,"3":1,"4":1,"5":1,"6":1,"7":1,"8":1},"f":{},"b":{},"_coverageSchema":"1a1c01bbd47fc00a2c39e90264f33305004495a9","hash":"865dc58c568c416aa28ecf7167255778889cfc5f"}
}
