TN:
SF:src/server.ts
FN:35,(anonymous_1)
FN:36,(anonymous_2)
FN:38,(anonymous_3)
FN:39,(anonymous_4)
FN:45,(anonymous_5)
FN:48,(anonymous_6)
FNF:6
FNH:4
FNDA:0,(anonymous_1)
FNDA:1,(anonymous_2)
FNDA:1,(anonymous_3)
FNDA:1,(anonymous_4)
FNDA:1,(anonymous_5)
FNDA:0,(anonymous_6)
DA:1,1
DA:2,1
DA:3,1
DA:4,1
DA:5,1
DA:6,1
DA:7,1
DA:8,1
DA:9,1
DA:10,1
DA:12,1
DA:13,1
DA:14,1
DA:15,1
DA:16,1
DA:17,1
DA:19,1
DA:31,1
DA:32,1
DA:34,1
DA:35,1
DA:36,1
DA:38,1
DA:39,1
DA:40,1
DA:41,0
DA:43,1
DA:46,1
DA:49,0
DA:55,1
LF:30
LH:28
BRDA:40,0,0,0
BRDA:40,0,1,1
BRF:2
BRH:1
end_of_record
TN:
SF:src/controllers/auth.controller.ts
FN:7,(anonymous_1)
FN:27,(anonymous_2)
FN:57,(anonymous_3)
FN:107,(anonymous_4)
FN:108,(anonymous_5)
FN:121,(anonymous_6)
FN:141,(anonymous_7)
FN:155,(anonymous_8)
FN:165,(anonymous_9)
FN:198,(anonymous_10)
FN:215,(anonymous_11)
FNF:11
FNH:11
FNDA:3,(anonymous_1)
FNDA:7,(anonymous_2)
FNDA:6,(anonymous_3)
FNDA:7,(anonymous_4)
FNDA:7,(anonymous_5)
FNDA:7,(anonymous_6)
FNDA:6,(anonymous_7)
FNDA:1,(anonymous_8)
FNDA:6,(anonymous_9)
FNDA:4,(anonymous_10)
FNDA:3,(anonymous_11)
DA:2,1
DA:3,1
DA:4,1
DA:7,1
DA:8,3
DA:9,3
DA:10,3
DA:11,3
DA:12,2
DA:16,1
DA:18,2
DA:27,1
DA:28,7
DA:29,0
DA:32,7
DA:34,7
DA:42,7
DA:51,7
DA:57,1
DA:58,6
DA:59,6
DA:60,6
DA:61,1
DA:62,1
DA:65,5
DA:69,5
DA:70,1
DA:71,1
DA:73,4
DA:74,0
DA:75,0
DA:79,4
DA:80,4
DA:81,0
DA:82,0
DA:84,4
DA:85,0
DA:87,4
DA:88,4
DA:89,4
DA:95,0
DA:107,1
DA:108,7
DA:109,7
DA:110,0
DA:111,0
DA:114,7
DA:115,0
DA:116,0
DA:118,7
DA:122,7
DA:123,0
DA:124,0
DA:127,7
DA:128,7
DA:129,7
DA:130,7
DA:131,0
DA:132,0
DA:134,7
DA:135,3
DA:136,3
DA:137,3
DA:138,3
DA:140,4
DA:141,6
DA:143,4
DA:145,4
DA:147,0
DA:148,0
DA:155,1
DA:156,1
DA:157,1
DA:158,1
DA:159,1
DA:161,0
DA:165,1
DA:166,6
DA:167,6
DA:168,3
DA:169,0
DA:170,0
DA:173,3
DA:174,3
DA:175,0
DA:176,0
DA:178,3
DA:179,0
DA:181,3
DA:183,3
DA:184,3
DA:190,3
DA:198,1
DA:203,4
DA:204,4
DA:206,4
DA:207,1
DA:208,1
DA:210,3
DA:211,0
DA:212,0
DA:215,3
DA:216,3
DA:217,0
DA:218,0
DA:220,3
DA:221,3
DA:225,1
LF:108
LH:81
BRDA:28,0,0,0
BRDA:60,1,0,1
BRDA:69,2,0,1
BRDA:73,3,0,0
BRDA:80,4,0,0
BRDA:84,5,0,0
BRDA:109,6,0,0
BRDA:114,7,0,0
BRDA:122,8,0,0
BRDA:130,9,0,0
BRDA:134,10,0,3
BRDA:134,11,0,7
BRDA:134,11,1,7
BRDA:168,12,0,0
BRDA:174,13,0,0
BRDA:178,14,0,0
BRDA:204,15,0,4
BRDA:204,15,1,3
BRDA:206,16,0,1
BRDA:210,17,0,0
BRDA:216,18,0,0
BRF:21
BRH:8
end_of_record
TN:
SF:src/controllers/base.controller.ts
FN:6,(anonymous_0)
FN:10,(anonymous_1)
FN:25,(anonymous_2)
FN:40,(anonymous_3)
FN:50,(anonymous_4)
FNF:5
FNH:2
FNDA:2,(anonymous_0)
FNDA:0,(anonymous_1)
FNDA:0,(anonymous_2)
FNDA:3,(anonymous_3)
FNDA:0,(anonymous_4)
DA:7,2
DA:11,0
DA:12,0
DA:13,0
DA:14,0
DA:15,0
DA:17,0
DA:18,0
DA:21,0
DA:26,0
DA:28,0
DA:29,0
DA:30,0
DA:31,0
DA:33,0
DA:36,0
DA:41,3
DA:42,3
DA:43,3
DA:44,3
DA:46,0
DA:51,0
DA:52,0
DA:53,0
DA:54,0
DA:56,0
DA:61,1
LF:27
LH:6
BRDA:13,0,0,0
BRDA:13,0,1,0
BRDA:30,1,0,0
BRDA:30,1,1,0
BRF:4
BRH:0
end_of_record
TN:
SF:src/controllers/comments.controller.ts
FNF:0
FNH:0
DA:1,1
DA:3,1
DA:5,1
DA:7,1
LF:4
LH:4
BRF:0
BRH:0
end_of_record
TN:
SF:src/controllers/posts.controller.ts
FN:6,(anonymous_1)
FN:10,(anonymous_2)
FNF:2
FNH:2
FNDA:1,(anonymous_1)
FNDA:3,(anonymous_2)
DA:1,1
DA:3,1
DA:7,1
DA:11,3
DA:12,3
DA:16,3
DA:17,3
DA:21,1
LF:8
LH:8
BRF:0
BRH:0
end_of_record
TN:
SF:src/models/comments.model.ts
FNF:0
FNH:0
DA:1,1
DA:8,1
DA:23,1
DA:25,1
LF:4
LH:4
BRF:0
BRH:0
end_of_record
TN:
SF:src/models/posts.model.ts
FNF:0
FNH:0
DA:1,1
DA:9,1
DA:21,1
DA:23,1
LF:4
LH:4
BRF:0
BRH:0
end_of_record
TN:
SF:src/models/users.model.ts
FNF:0
FNH:0
DA:1,1
DA:10,1
DA:26,1
DA:28,1
LF:4
LH:4
BRF:0
BRH:0
end_of_record
TN:
SF:src/routes/auth_routes.ts
FN:6,(anonymous_1)
FN:10,(anonymous_2)
FN:14,(anonymous_3)
FN:18,(anonymous_4)
FNF:4
FNH:4
FNDA:3,(anonymous_1)
FNDA:6,(anonymous_2)
FNDA:6,(anonymous_3)
FNDA:1,(anonymous_4)
DA:1,1
DA:2,1
DA:4,1
DA:6,1
DA:7,3
DA:10,1
DA:11,6
DA:14,1
DA:15,6
DA:18,1
DA:19,1
DA:22,1
LF:12
LH:12
BRF:0
BRH:0
end_of_record
TN:
SF:src/routes/comments.route.ts
FNF:0
FNH:0
DA:1,1
DA:2,1
DA:3,1
DA:4,1
DA:13,1
DA:15,1
DA:17,1
DA:23,1
DA:29,1
LF:9
LH:9
BRF:0
BRH:0
end_of_record
TN:
SF:src/routes/posts.route.ts
FNF:0
FNH:0
DA:1,1
DA:2,1
DA:3,1
DA:4,1
DA:13,1
DA:15,1
DA:17,1
DA:19,1
DA:25,1
LF:9
LH:9
BRF:0
BRH:0
end_of_record
